2019-06-14 15:16:39--True-- 大叶绣球花上的一对日本树蛙，日本滋贺.jpg|2019-06-14
2019-06-14 15:16:47--True-- 塞尚山，法国普罗旺斯艾克斯.jpg|2019-06-13
2019-06-14 15:16:54--True-- 位于大本德国家公园的格兰德河和卡门山脉，得克萨斯州.jpg|2019-06-12
2019-06-14 15:16:58--True-- 富士山与丛生福禄考花田，日本山梨县.jpg|2019-06-11
2019-06-14 15:17:01--True-- 阿尔加维海岸附近的Ponta.jpg|2019-06-10
2019-06-14 15:17:05--True-- 蓝翅黄森莺，加拿大安大略省.jpg|2019-06-09
2019-06-14 15:17:08--True-- 吉利群岛上生长着珊瑚的人工珊瑚礁，印度尼西亚.jpg|2019-06-08
2019-06-14 15:17:11--True-- 【今日端午节】.jpg|2019-06-07
2019-06-14 15:17:14--True-- 诺曼底入侵后的桑树港遗址，法国诺曼底Arromanches.jpg|2019-06-06
2019-06-14 15:17:18--True-- 秘鲁亚马逊坦博帕塔国家保护区中的树冠.jpg|2019-06-05
2019-06-14 15:17:26--True-- 摩洛哥扎戈拉附近的椰枣树林.jpg|2019-06-04
2019-06-14 15:17:29--True-- 一只躺在沙滩上的港海豹幼崽，德国黑尔戈兰岛.jpg|2019-06-03
2019-06-14 15:22:24--True-- 苏格兰福斯湾的巴斯岩.jpg|2019-06-02
2019-06-14 15:22:29--True-- 爱荷华州中部的高架栈桥.jpg|2019-06-01
2019-06-14 15:22:33--True-- 俄勒冈州Zumwalt.jpg|2019-05-31
2019-06-14 15:22:37--True-- 2018年曼哈顿悬日期间的克莱斯勒大厦与42号街，纽约市.jpg|2019-05-30
2019-06-14 15:22:40--True-- 草地上的罂粟和矢车菊，德国北莱茵-威斯特法伦州.jpg|2019-05-29
2019-06-14 15:22:43--True-- 沿海的雾，加拿大纽芬兰.jpg|2019-05-28
2019-06-14 15:22:46--True-- 彭布鲁克郡海岸国家公园中的Pitting.jpg|2019-05-27
2019-06-14 15:22:49--True-- 圣米歇尔山.jpg|2019-05-26
2019-06-14 15:22:53--True-- 春天里的一只雄性开普梅莺.jpg|2019-05-25
2019-06-14 15:22:56--True-- 麦克米伦省级公园里的神殿林，加拿大不列颠哥伦比亚省.jpg|2019-05-24
2019-06-14 15:23:01--True-- 库拉索普拉亚格兰迪海滩附近的绿海龟和沙丁鱼.jpg|2019-05-23
2019-06-14 15:23:05--True-- 澳大利亚太平洋海岸的海崖大桥.jpg|2019-05-22
2019-06-14 16:11:25--True-- 圣伊莱亚斯国家公园中的铜河三角洲，阿拉斯加.jpg|2019-05-21
2019-06-14 16:11:30--True-- 一只身上粘满南瓜花粉的蜜蜂，德国.jpg|2019-05-20
2019-06-14 16:11:37--True-- Ghyakar村，尼泊尔上木斯塘.jpg|2019-05-19
2019-06-14 16:11:41--True-- 山毛榉树林里的蓝铃花，英国赫特福德郡.jpg|2019-05-18
2019-06-14 16:11:46--True-- the.jpg|2019-05-17
2019-06-14 16:11:51--True-- 来自人工智能的画作《思念》.jpg|2019-05-16
2019-06-14 16:11:54--True-- 松树上的一只美国黑熊幼崽，加拿大贾斯珀国家公园.jpg|2019-05-15
2019-06-14 16:11:57--True-- 戛纳，法国.jpg|2019-05-14
2019-06-14 16:12:00--True-- 松木国家森林，佛罗里达州.jpg|2019-05-13
2019-06-14 16:12:05--True-- 琼斯海滩岛上的笛鸻和它的幼崽.jpg|2019-05-12
2019-06-14 16:12:09--True-- 荷兰阿姆斯特丹附近赞瑟斯汉斯村里古老的风车.jpg|2019-05-11
2019-06-14 16:12:13--True-- 圣克鲁斯岛上的一只岛屿灰狐，加利福尼亚州海峡群岛国家公园.jpg|2019-05-10
2019-06-24 17:42:34--True-- 俄勒冈州Zumwalt.jpg|2019-05-31
2019-06-24 17:42:38--True-- 2018年曼哈顿悬日期间的克莱斯勒大厦与42号街，纽约市.jpg|2019-05-30
2019-06-24 17:42:43--True-- 草地上的罂粟和矢车菊，德国北莱茵-威斯特法伦州.jpg|2019-05-29
2019-06-24 17:42:53--True-- 沿海的雾，加拿大纽芬兰.jpg|2019-05-28
2019-06-24 17:43:00--True-- 彭布鲁克郡海岸国家公园中的Pitting.jpg|2019-05-27
2019-06-24 17:43:04--True-- 圣米歇尔山.jpg|2019-05-26
2019-06-24 17:43:09--True-- 春天里的一只雄性开普梅莺.jpg|2019-05-25
2019-06-24 17:43:13--True-- 麦克米伦省级公园里的神殿林，加拿大不列颠哥伦比亚省.jpg|2019-05-24
2019-06-24 17:43:17--True-- 库拉索普拉亚格兰迪海滩附近的绿海龟和沙丁鱼.jpg|2019-05-23
2019-06-24 17:43:22--True-- 澳大利亚太平洋海岸的海崖大桥.jpg|2019-05-22
2019-06-24 17:43:26--True-- 圣伊莱亚斯国家公园中的铜河三角洲，阿拉斯加.jpg|2019-05-21
2019-06-24 17:43:31--True-- 一只身上粘满南瓜花粉的蜜蜂，德国.jpg|2019-05-20
2019-07-10 09:51:59--True-- 大沙丘上的日落，加拿大萨斯喀彻温省.jpg|2019-06-15
2019-07-10 09:52:01--True-- 大叶绣球花上的一对日本树蛙，日本滋贺.jpg|2019-06-14
2019-07-10 09:52:04--True-- 塞尚山，法国普罗旺斯艾克斯.jpg|2019-06-13
2019-07-10 09:52:07--True-- 位于大本德国家公园的格兰德河和卡门山脉，得克萨斯州.jpg|2019-06-12
2019-07-10 09:52:10--True-- 富士山与丛生福禄考花田，日本山梨县.jpg|2019-06-11
2019-07-10 09:52:13--True-- 阿尔加维海岸附近的Ponta.jpg|2019-06-10
2019-07-10 09:52:16--True-- 蓝翅黄森莺，加拿大安大略省.jpg|2019-06-09
2019-07-10 09:52:19--True-- 吉利群岛上生长着珊瑚的人工珊瑚礁，印度尼西亚.jpg|2019-06-08
2019-07-10 09:52:43--True-- 【今日端午节】.jpg|2019-06-07
2019-07-10 09:52:56--True-- 诺曼底入侵后的桑树港遗址，法国诺曼底Arromanches.jpg|2019-06-06
2019-07-10 09:54:13--True-- 秘鲁亚马逊坦博帕塔国家保护区中的树冠.jpg|2019-06-05
2019-07-10 09:54:22--True-- 摩洛哥扎戈拉附近的椰枣树林.jpg|2019-06-04
2019-07-10 10:59:05--True-- 潘塔纳尔湿地的美洲豹，巴西.jpg|2019-07-09
2019-07-10 10:59:09--True-- 舍夫沙万的蓝色墙壁，摩洛哥.jpg|2019-07-08
2019-07-10 10:59:18--True-- 科伯克谷国家公园里的驯鹿，阿拉斯加.jpg|2019-07-07
2019-07-10 11:00:00--True-- 巴拉涅卡尔维湾的城堡和要塞，法国科西嘉岛.jpg|2019-07-06
2019-07-10 11:00:05--True-- 圣帕特里克岛上的皮尔城堡，马恩岛.jpg|2019-07-05
2019-07-10 11:00:12--True-- 德文郡南海岸的索尔科姆港，英国.jpg|2019-07-04
2019-07-10 11:00:18--True-- 特兰西瓦尼亚的川斯发格拉山公路，罗马尼亚.jpg|2019-07-03
2019-07-10 11:00:19--True-- 2017年8月21日的一组日食镜头.jpg|2019-07-02
2019-07-10 11:00:32--True-- 【香港回归22周年】.jpg|2019-07-01
2019-07-10 11:00:43--True-- 金拟花鮨鱼群游过珊瑚，印度洋马约特岛.jpg|2019-06-30
2019-07-10 11:00:56--True-- 一只正在摆姿势的穴鸮，佛罗里达州开普科勒尔.jpg|2019-06-29
2019-07-10 11:01:05--True-- 蒙特勒和日内瓦湖，瑞士.jpg|2019-06-28
2019-07-10 13:39:43--True-- 潘塔纳尔湿地的美洲豹，巴西.jpg|2019-07-09
2019-07-10 13:39:46--True-- 舍夫沙万的蓝色墙壁，摩洛哥.jpg|2019-07-08
2019-07-10 13:39:49--True-- 科伯克谷国家公园里的驯鹿，阿拉斯加.jpg|2019-07-07
2019-07-10 13:39:53--True-- 巴拉涅卡尔维湾的城堡和要塞，法国科西嘉岛.jpg|2019-07-06
2019-07-10 13:40:00--True-- 圣帕特里克岛上的皮尔城堡，马恩岛.jpg|2019-07-05
2019-07-10 13:40:05--True-- 德文郡南海岸的索尔科姆港，英国.jpg|2019-07-04
2019-07-10 13:40:09--True-- 特兰西瓦尼亚的川斯发格拉山公路，罗马尼亚.jpg|2019-07-03
2019-07-10 13:40:10--True-- 2017年8月21日的一组日食镜头.jpg|2019-07-02
2019-07-10 13:40:14--True-- 【香港回归22周年】.jpg|2019-07-01
2019-07-10 13:40:17--True-- 金拟花鮨鱼群游过珊瑚，印度洋马约特岛.jpg|2019-06-30
2019-07-10 13:40:20--True-- 一只正在摆姿势的穴鸮，佛罗里达州开普科勒尔.jpg|2019-06-29
2019-07-10 13:40:24--True-- 蒙特勒和日内瓦湖，瑞士.jpg|2019-06-28
